
============= MEMWATCH 2.71 Copyright (C) 1992-1999 Johan Lindh =============

Started at Sun Dec 16 13:00:46 2012

Modes: __STDC__ 64-bit mwDWORD==(unsigned long)
mwROUNDALLOC==8 sizeof(mwData)==32 mwDataSize==32


Stopped at Sun Dec 16 13:10:02 2012


Memory usage statistics (global):
 N)umber of allocations made: 12332
 L)argest memory usage      : 26444682
 T)otal of all alloc() calls: 27685746
 U)nfreed bytes totals      : 0

============= MEMWATCH 2.71 Copyright (C) 1992-1999 Johan Lindh =============

Started at Tue Dec 18 19:52:59 2012

Modes: __STDC__ 64-bit mwDWORD==(unsigned long)
mwROUNDALLOC==8 sizeof(mwData)==32 mwDataSize==32


Stopped at Tue Dec 18 19:58:08 2012


Memory usage statistics (global):
 N)umber of allocations made: 7492
 L)argest memory usage      : 26444682
 T)otal of all alloc() calls: 27549086
 U)nfreed bytes totals      : 0
